[03Dec2024 06:00:49.131] [main/INFO] [cpw.mods.modlauncher.Launcher/MODLAUNCHER]: ModLauncher running: args [--launchTarget, forgeserver, --fml.neoForgeVersion, 21.1.72, --fml.fmlVersion, 4.0.29, --fml.mcVersion, 1.21.1, --fml.neoFormVersion, 20240808.144430]
[03Dec2024 06:00:49.134] [main/INFO] [cpw.mods.modlauncher.Launcher/MODLAUNCHER]: JVM identified as Ubuntu OpenJDK 64-Bit Server VM 21.0.5+11-Ubuntu-1ubuntu124.04
[03Dec2024 06:00:49.136] [main/INFO] [cpw.mods.modlauncher.Launcher/MODLAUNCHER]: ModLauncher 11.0.4+main.d2e20e43 starting: java version 21.0.5 by Ubuntu; OS Linux arch amd64 version 6.8.0-1019-aws
[03Dec2024 06:00:49.274] [main/INFO] [net.neoforged.fml.loading.ImmediateWindowHandler/]: ImmediateWindowProvider not loading because launch target is forgeserver
[03Dec2024 06:00:49.349] [main/INFO] [mixin/]: SpongePowered MIXIN Subsystem Version=0.8.7 Source=union:/mnt/ebs/mcs/neodata/libraries/net/fabricmc/sponge-mixin/0.15.2+mixin.0.8.7/sponge-mixin-0.15.2+mixin.0.8.7.jar%2375!/ Service=ModLauncher Env=SERVER
[03Dec2024 06:00:49.694] [main/INFO] [net.neoforged.fml.loading.moddiscovery.ModDiscoverer/SCAN]: Found mod file "server-1.21.1-20240808.144430-srg.jar" [locator: production server provider +net.neoforged:neoforge:21.1.72:server]
[03Dec2024 06:00:49.714] [main/INFO] [net.neoforged.fml.loading.moddiscovery.ModDiscoverer/SCAN]: Found mod file "neoforge-21.1.72-universal.jar" [locator: PathBasedLocator[name=neoforge, paths=[libraries/net/neoforged/neoforge/21.1.72/neoforge-21.1.72-universal.jar]], reader: mod manifest]
[03Dec2024 06:00:49.726] [main/INFO] [net.neoforged.fml.loading.moddiscovery.ModDiscoverer/SCAN]: Found library file "spongeneo-lang.jar" [locator: spongeneo, reader: mod manifest]
[03Dec2024 06:00:49.875] [main/INFO] [net.neoforged.fml.loading.moddiscovery.ModDiscoverer/SCAN]: Found mod file "spongeneo-mod.jar" [locator: spongeneo, reader: mod manifest]
[03Dec2024 06:00:49.974] [main/INFO] [net.neoforged.fml.loading.moddiscovery.ModDiscoverer/SCAN]: Found mod file "LuckPerms-Sponge-5.4.141.jar" [locator: plugins directory, reader: sponge manifest]
[03Dec2024 06:00:49.983] [main/INFO] [net.neoforged.fml.loading.moddiscovery.ModDiscoverer/SCAN]: Found mod file "collective-1.21.1-7.84.jar" [locator: {mods folder locator at /mnt/ebs/mcs/neodata/mods}, reader: mod manifest]
[03Dec2024 06:00:49.988] [main/INFO] [net.neoforged.fml.loading.moddiscovery.ModDiscoverer/SCAN]: Found mod file "justmobheads-1.21.1-8.3.jar" [locator: {mods folder locator at /mnt/ebs/mcs/neodata/mods}, reader: mod manifest]
[03Dec2024 06:00:50.004] [main/INFO] [org.spongepowered.neoforge.applaunch.loading.moddiscovery.library.LibraryManager/]: Scanning and verifying libraries in './sponge-libraries'. Please wait, this may take a moment...
[03Dec2024 06:00:50.096] [main/INFO] [net.neoforged.fml.loading.moddiscovery.ModDiscoverer/SCAN]: Found gamelibrary file "configurate-gson-4.1.2.jar" [locator: spongeneo]
[03Dec2024 06:00:50.100] [main/INFO] [net.neoforged.fml.loading.moddiscovery.ModDiscoverer/SCAN]: Found gamelibrary file "annotations-24.1.0.jar" [locator: spongeneo]
[03Dec2024 06:00:50.101] [main/INFO] [net.neoforged.fml.loading.moddiscovery.ModDiscoverer/SCAN]: Found gamelibrary file "adventure-key-4.17.0.jar" [locator: spongeneo]
[03Dec2024 06:00:50.102] [main/INFO] [net.neoforged.fml.loading.moddiscovery.ModDiscoverer/SCAN]: Found gamelibrary file "caffeine-3.1.8.jar" [locator: spongeneo]
[03Dec2024 06:00:50.104] [main/INFO] [net.neoforged.fml.loading.moddiscovery.ModDiscoverer/SCAN]: Found gamelibrary file "math-2.0.1.jar" [locator: spongeneo]
[03Dec2024 06:00:50.106] [main/INFO] [net.neoforged.fml.loading.moddiscovery.ModDiscoverer/SCAN]: Found gamelibrary file "adventure-text-minimessage-4.17.0.jar" [locator: spongeneo]
[03Dec2024 06:00:50.107] [main/INFO] [net.neoforged.fml.loading.moddiscovery.ModDiscoverer/SCAN]: Found gamelibrary file "examination-api-1.3.0.jar" [locator: spongeneo]
[03Dec2024 06:00:50.107] [main/INFO] [net.neoforged.fml.loading.moddiscovery.ModDiscoverer/SCAN]: Found gamelibrary file "auto-service-annotations-1.1.1.jar" [locator: spongeneo]
[03Dec2024 06:00:50.109] [main/INFO] [net.neoforged.fml.loading.moddiscovery.ModDiscoverer/SCAN]: Found gamelibrary file "snakeyaml-1.28.jar" [locator: spongeneo]
[03Dec2024 06:00:50.112] [main/INFO] [net.neoforged.fml.loading.moddiscovery.ModDiscoverer/SCAN]: Found gamelibrary file "examination-string-1.3.0.jar" [locator: spongeneo]
[03Dec2024 06:00:50.113] [main/INFO] [net.neoforged.fml.loading.moddiscovery.ModDiscoverer/SCAN]: Found gamelibrary file "adventure-serializer-configurate4-4.17.0.jar" [locator: spongeneo]
[03Dec2024 06:00:50.113] [main/INFO] [net.neoforged.fml.loading.moddiscovery.ModDiscoverer/SCAN]: Found gamelibrary file "adventure-api-4.17.0.jar" [locator: spongeneo]
[03Dec2024 06:00:50.116] [main/INFO] [net.neoforged.fml.loading.moddiscovery.ModDiscoverer/SCAN]: Found gamelibrary file "javax.inject-1.jar" [locator: spongeneo]
[03Dec2024 06:00:50.119] [main/INFO] [net.neoforged.fml.loading.moddiscovery.ModDiscoverer/SCAN]: Found gamelibrary file "configurate-yaml-4.1.2.jar" [locator: spongeneo]
[03Dec2024 06:00:50.122] [main/INFO] [net.neoforged.fml.loading.moddiscovery.ModDiscoverer/SCAN]: Found gamelibrary file "adventure-text-serializer-json-4.17.0.jar" [locator: spongeneo]
[03Dec2024 06:00:50.122] [main/INFO] [net.neoforged.fml.loading.moddiscovery.ModDiscoverer/SCAN]: Found gamelibrary file "adventure-text-serializer-plain-4.17.0.jar" [locator: spongeneo]
[03Dec2024 06:00:50.123] [main/INFO] [net.neoforged.fml.loading.moddiscovery.ModDiscoverer/SCAN]: Found gamelibrary file "adventure-text-serializer-legacy-4.17.0.jar" [locator: spongeneo]
[03Dec2024 06:00:50.125] [main/INFO] [net.neoforged.fml.loading.moddiscovery.ModDiscoverer/SCAN]: Found gamelibrary file "adventure-text-serializer-gson-4.17.0.jar" [locator: spongeneo]
[03Dec2024 06:00:50.129] [main/INFO] [net.neoforged.fml.loading.moddiscovery.ModDiscoverer/SCAN]: Found gamelibrary file "configurate-extra-guice-4.1.2.jar" [locator: spongeneo]
[03Dec2024 06:00:50.130] [main/INFO] [net.neoforged.fml.loading.moddiscovery.ModDiscoverer/SCAN]: Found gamelibrary file "guice-5.0.1.jar" [locator: spongeneo]
[03Dec2024 06:00:50.131] [main/INFO] [net.neoforged.fml.loading.moddiscovery.ModDiscoverer/SCAN]: Found gamelibrary file "aopalliance-1.0.jar" [locator: spongeneo]
[03Dec2024 06:00:50.134] [main/INFO] [net.neoforged.fml.loading.moddiscovery.ModDiscoverer/SCAN]: Found gamelibrary file "option-1.0.0.jar" [locator: spongeneo]
[03Dec2024 06:00:50.188] [main/INFO] [net.neoforged.fml.loading.moddiscovery.locators.JarInJarDependencyLocator/]: Found 2 dependencies adding them to mods collection
[03Dec2024 06:00:50.188] [main/INFO] [net.neoforged.fml.loading.moddiscovery.ModDiscoverer/SCAN]: Found gamelibrary file "mixinextras-neoforge-0.4.1.jar" [parent: neoforge-21.1.72-universal.jar, locator: jarinjar, reader: mod manifest]
[03Dec2024 06:00:50.188] [main/INFO] [net.neoforged.fml.loading.moddiscovery.ModDiscoverer/SCAN]: Found library file "neoforge-coremods-21.1.72.jar" [parent: neoforge-21.1.72-universal.jar, locator: jarinjar, reader: mod manifest]
[03Dec2024 06:00:50.190] [main/INFO] [net.neoforged.fml.loading.moddiscovery.ModDiscoverer/]: 
     Mod List:
		Name Version (Mod Id)

		Collective 7.84 (collective)
		Just Mob Heads 8.3 (justmobheads)
		LuckPerms 5.4.141 (luckperms)
		Minecraft 1.21.1 (minecraft)
		NeoForge 21.1.72 (neoforge)
		SpongeNeo 1.21.1-21.1.35-12.0.0-RC1851 (spongeneo)
[03Dec2024 06:00:52.218] [main/INFO] [mixin/]: Compatibility level set to JAVA_21
[03Dec2024 06:00:52.275] [main/INFO] [cpw.mods.modlauncher.LaunchServiceHandler/MODLAUNCHER]: Launching target 'forgeserver' with arguments []
[03Dec2024 06:00:54.375] [main/INFO] [MixinExtras|Service/]: Initializing MixinExtras via com.llamalad7.mixinextras.service.MixinExtrasServiceImpl(version=0.4.1).
[03Dec2024 06:01:08.677] [modloading-worker-0/INFO] [Collective/]: Loading Collective version 7.84.
[03Dec2024 06:01:08.754] [modloading-worker-0/INFO] [net.neoforged.neoforge.common.NeoForgeMod/NEOFORGE-MOD]: NeoForge mod loading, version 21.1.72, for MC 1.21.1
[03Dec2024 06:01:09.877] [modloading-worker-0/INFO] [luckperms/]:         __    
[03Dec2024 06:01:09.878] [modloading-worker-0/INFO] [luckperms/]:   |    |__)   LuckPerms v5.4.141
[03Dec2024 06:01:09.878] [modloading-worker-0/INFO] [luckperms/]:   |___ |      Running on Sponge - SpongeNeo
[03Dec2024 06:01:09.878] [modloading-worker-0/INFO] [luckperms/]: 
[03Dec2024 06:01:09.879] [modloading-worker-0/INFO] [luckperms/]: Loading configuration...
[03Dec2024 06:01:10.108] [modloading-worker-0/INFO] [luckperms/]: Loading storage provider... [H2]
[03Dec2024 06:01:10.697] [modloading-worker-0/INFO] [luckperms/]: Loading internal permission managers...
[03Dec2024 06:01:10.840] [modloading-worker-0/INFO] [luckperms/]: Performing initial data load...
[03Dec2024 06:01:10.960] [modloading-worker-0/INFO] [luckperms/]: Successfully enabled. (took 1181ms)
[03Dec2024 06:01:11.049] [modloading-worker-0/INFO] [sponge/]: Registered service [PaginationService] to plugin 'sponge'.
[03Dec2024 06:01:11.065] [modloading-worker-0/INFO] [spongeneo/]: SpongeNeo v1.21.1-21.1.35-12.0.0-RC1851 initialized
[03Dec2024 06:01:11.278] [main/INFO] [com.mojang.authlib.yggdrasil.YggdrasilAuthenticationService/]: Environment: Environment[sessionHost=https://sessionserver.mojang.com, servicesHost=https://api.minecraftservices.com, name=PROD]
[03Dec2024 06:01:12.791] [main/WARN] [net.minecraft.server.packs.VanillaPackResourcesBuilder/]: Assets URL 'union:/mnt/ebs/mcs/neodata/libraries/net/minecraft/server/1.21.1-20240808.144430/server-1.21.1-20240808.144430-srg.jar%23123!/assets/.mcassetsroot' uses unexpected schema
[03Dec2024 06:01:12.793] [main/WARN] [net.minecraft.server.packs.VanillaPackResourcesBuilder/]: Assets URL 'union:/mnt/ebs/mcs/neodata/libraries/net/minecraft/server/1.21.1-20240808.144430/server-1.21.1-20240808.144430-srg.jar%23123!/data/.mcassetsroot' uses unexpected schema
[03Dec2024 06:01:14.137] [main/INFO] [sponge/]: Layer DIMENSIONS
[03Dec2024 06:01:14.247] [main/INFO] [sponge/]: Layer RELOADABLE
[03Dec2024 06:01:15.518] [main/INFO] [net.minecraft.world.item.crafting.RecipeManager/]: Loaded 1290 recipes
[03Dec2024 06:01:15.835] [main/INFO] [net.minecraft.advancements.AdvancementTree/]: Loaded 1399 advancements
[03Dec2024 06:01:16.688] [Server thread/INFO] [net.minecraft.server.dedicated.DedicatedServer/]: Starting minecraft server version 1.21.1
[03Dec2024 06:01:16.688] [Server thread/INFO] [net.minecraft.server.dedicated.DedicatedServer/]: Loading properties
[03Dec2024 06:01:16.689] [Server thread/INFO] [net.minecraft.server.dedicated.DedicatedServer/]: Default game type: SURVIVAL
[03Dec2024 06:01:16.689] [Server thread/INFO] [net.minecraft.server.MinecraftServer/]: Generating keypair
[03Dec2024 06:01:16.733] [Server thread/INFO] [net.minecraft.server.dedicated.DedicatedServer/]: Starting Minecraft server on *:25565
[03Dec2024 06:01:16.809] [Server thread/INFO] [net.minecraft.server.network.ServerConnectionListener/]: Using epoll channel type
[03Dec2024 06:01:16.855] [Server thread/WARN] [net.minecraft.server.dedicated.DedicatedServer/]: **** SERVER IS RUNNING IN OFFLINE/INSECURE MODE!
[03Dec2024 06:01:16.856] [Server thread/WARN] [net.minecraft.server.dedicated.DedicatedServer/]: The server will make no attempt to authenticate usernames. Beware.
[03Dec2024 06:01:16.856] [Server thread/WARN] [net.minecraft.server.dedicated.DedicatedServer/]: While this makes the game possible to play without internet access, it also opens up the ability for hackers to connect with any username they choose.
[03Dec2024 06:01:16.856] [Server thread/WARN] [net.minecraft.server.dedicated.DedicatedServer/]: To change this, set "online-mode" to "true" in the server.properties file.
[03Dec2024 06:01:16.935] [Server thread/INFO] [sponge/]: Registered service [BanService] to plugin 'sponge'.
[03Dec2024 06:01:16.936] [Server thread/INFO] [sponge/]: Registered service [ContextService] to plugin 'luckperms'.
[03Dec2024 06:01:16.937] [Server thread/INFO] [sponge/]: Registered service [PermissionService] to plugin 'luckperms'.
[03Dec2024 06:01:16.940] [Server thread/INFO] [sponge/]: Registered service [WhitelistService] to plugin 'sponge'.
[03Dec2024 06:01:16.948] [Server thread/INFO] [net.minecraft.server.dedicated.DedicatedServer/]: Preparing level "world"
[03Dec2024 06:01:16.951] [Server thread/INFO] [net.minecraft.server.MinecraftServer/]: Loading world 'minecraft:overworld' (minecraft:overworld)
[03Dec2024 06:01:17.501] [Server thread/INFO] [net.minecraft.server.MinecraftServer/]: Loading world 'minecraft:the_nether' (minecraft:the_nether)
[03Dec2024 06:01:24.509] [Server thread/INFO] [net.minecraft.server.MinecraftServer/]: Loading world 'minecraft:the_end' (minecraft:the_end)
[03Dec2024 06:01:24.548] [Server thread/INFO] [net.minecraft.server.MinecraftServer/]: Preparing start region for world 'minecraft:overworld' (minecraft:overworld)
[03Dec2024 06:01:25.646] [Worker-Main-1/INFO] [net.minecraft.server.level.progress.LoggerChunkProgressListener/]: Preparing spawn area: 0%
[03Dec2024 06:01:25.646] [Worker-Main-1/INFO] [net.minecraft.server.level.progress.LoggerChunkProgressListener/]: Preparing spawn area: 0%
[03Dec2024 06:01:25.646] [Worker-Main-1/INFO] [net.minecraft.server.level.progress.LoggerChunkProgressListener/]: Preparing spawn area: 0%
[03Dec2024 06:01:26.056] [Worker-Main-1/INFO] [net.minecraft.server.level.progress.LoggerChunkProgressListener/]: Preparing spawn area: 0%
[03Dec2024 06:01:26.551] [Worker-Main-1/INFO] [net.minecraft.server.level.progress.LoggerChunkProgressListener/]: Preparing spawn area: 5%
[03Dec2024 06:01:27.060] [Worker-Main-1/INFO] [net.minecraft.server.level.progress.LoggerChunkProgressListener/]: Preparing spawn area: 29%
[03Dec2024 06:01:27.805] [Server thread/INFO] [net.minecraft.server.level.progress.LoggerChunkProgressListener/]: Time elapsed: 3256 ms
[03Dec2024 06:01:27.812] [Server thread/INFO] [net.minecraft.server.dedicated.DedicatedServer/]: Done (10.934s)! For help, type "help"
[03Dec2024 06:01:27.849] [Server thread/INFO] [net.neoforged.neoforge.server.permission.PermissionAPI/]: Successfully initialized permission handler neoforge:default_handler
[03Dec2024 18:00:01.816] [Server thread/INFO] [net.minecraft.server.MinecraftServer/]: Saving the game (this may take a moment!)
[03Dec2024 18:00:01.886] [Server thread/INFO] [net.minecraft.server.MinecraftServer/]: Saved the game
[03Dec2024 18:00:01.894] [Server thread/INFO] [net.minecraft.server.MinecraftServer/]: Stopping the server
[03Dec2024 18:00:01.957] [Server thread/INFO] [luckperms/]: Starting shutdown process...
[03Dec2024 18:00:01.959] [Server thread/INFO] [luckperms/]: Closing storage...
[03Dec2024 18:00:02.017] [Server thread/INFO] [luckperms/]: Goodbye!
[03Dec2024 18:00:02.018] [Server thread/INFO] [net.minecraft.server.MinecraftServer/]: Stopping server
[03Dec2024 18:00:02.019] [Server thread/INFO] [net.minecraft.server.MinecraftServer/]: Saving players
[03Dec2024 18:00:02.020] [Server thread/INFO] [net.minecraft.server.MinecraftServer/]: Saving worlds
[03Dec2024 18:00:02.078] [Server thread/INFO] [net.minecraft.server.MinecraftServer/]: ThreadedAnvilChunkStorage: All dimensions are saved
