[main e818ed9] Auto commit
 Committer: root <root@ip-10-0-130-128.ap-south-1.compute.internal>
Your name and email address were configured automatically based
on your username and hostname. Please check that they are accurate.
You can suppress this message by setting them explicitly. Run the
following command and follow the instructions in your editor to edit
your configuration file:

    git config --global --edit

After doing this, you may fix the identity used for this commit with:

    git commit --amend --reset-author

 1 file changed, 0 insertions(+), 0 deletions(-)
 create mode 100644 cron.log
To github.com:RiteshRamWanave/ROMIES.git
   85fdf50..e818ed9  main -> main
[main 20e75fc] Auto commit
 Committer: root <root@ip-10-0-130-128.ap-south-1.compute.internal>
Your name and email address were configured automatically based
on your username and hostname. Please check that they are accurate.
You can suppress this message by setting them explicitly. Run the
following command and follow the instructions in your editor to edit
your configuration file:

    git config --global --edit

After doing this, you may fix the identity used for this commit with:

    git commit --amend --reset-author

 28 files changed, 5300 insertions(+), 8192 deletions(-)
 create mode 100644 neodata/logs/2024-11-11-5.log.gz
To github.com:RiteshRamWanave/ROMIES.git
   e818ed9..20e75fc  main -> main
[main 8c14797] Auto commit
 Committer: root <root@ip-10-0-130-128.ap-south-1.compute.internal>
Your name and email address were configured automatically based
on your username and hostname. Please check that they are accurate.
You can suppress this message by setting them explicitly. Run the
following command and follow the instructions in your editor to edit
your configuration file:

    git config --global --edit

After doing this, you may fix the identity used for this commit with:

    git commit --amend --reset-author

 63 files changed, 6667 insertions(+), 5113 deletions(-)
To github.com:RiteshRamWanave/ROMIES.git
   4b22ced..8c14797  main -> main
[main 8d9c303] Auto commit
 Committer: root <root@ip-10-0-130-128.ap-south-1.compute.internal>
Your name and email address were configured automatically based
on your username and hostname. Please check that they are accurate.
You can suppress this message by setting them explicitly. Run the
following command and follow the instructions in your editor to edit
your configuration file:

    git config --global --edit

After doing this, you may fix the identity used for this commit with:

    git commit --amend --reset-author

 3 files changed, 143 insertions(+)
To github.com:RiteshRamWanave/ROMIES.git
   8c14797..8d9c303  main -> main
[main 06d3679] Auto commit
 Committer: root <root@ip-10-0-130-128.ap-south-1.compute.internal>
Your name and email address were configured automatically based
on your username and hostname. Please check that they are accurate.
You can suppress this message by setting them explicitly. Run the
following command and follow the instructions in your editor to edit
your configuration file:

    git config --global --edit

After doing this, you may fix the identity used for this commit with:

    git commit --amend --reset-author

 34 files changed, 5061 insertions(+), 6790 deletions(-)
To github.com:RiteshRamWanave/ROMIES.git
   8d9c303..06d3679  main -> main
[main a4ab89f] Auto commit
 Committer: root <root@ip-10-0-130-128.ap-south-1.compute.internal>
Your name and email address were configured automatically based
on your username and hostname. Please check that they are accurate.
You can suppress this message by setting them explicitly. Run the
following command and follow the instructions in your editor to edit
your configuration file:

    git config --global --edit

After doing this, you may fix the identity used for this commit with:

    git commit --amend --reset-author

 20 files changed, 3067 insertions(+), 5043 deletions(-)
To github.com:RiteshRamWanave/ROMIES.git
   06d3679..a4ab89f  main -> main
[main 54fd7b7] Auto commit
 Committer: root <root@ip-10-0-130-128.ap-south-1.compute.internal>
Your name and email address were configured automatically based
on your username and hostname. Please check that they are accurate.
You can suppress this message by setting them explicitly. Run the
following command and follow the instructions in your editor to edit
your configuration file:

    git config --global --edit

After doing this, you may fix the identity used for this commit with:

    git commit --amend --reset-author

 34 files changed, 3240 insertions(+), 3051 deletions(-)
To github.com:RiteshRamWanave/ROMIES.git
   a4ab89f..54fd7b7  main -> main
